0 info it worked if it ends with ok
1 verbose cli [ '/usr/local/bin/node', '/usr/local/bin/npm', 'install' ]
2 info using npm@1.4.28
3 info using node@v0.10.33
4 verbose readDependencies using package.json deps
5 verbose install where, deps [ '/Users/chelm/dev/koop-apps/koop-tiles-app',
5 verbose install   [ 'config',
5 verbose install     'cors',
5 verbose install     'ejs',
5 verbose install     'express',
5 verbose install     'koop',
5 verbose install     'koop-agol',
5 verbose install     'koop-ckan',
5 verbose install     'koop-gist',
5 verbose install     'koop-github',
5 verbose install     'koop-pgcache',
5 verbose install     'koop-socrata',
5 verbose install     'koop-tile-plugin' ] ]
6 info preinstall koop-tiles-app@1.0.0
7 verbose readDependencies using package.json deps
8 verbose already installed skipping express@4.10.1 /Users/chelm/dev/koop-apps/koop-tiles-app
9 verbose cache add [ 'koop@~1.1.0', null ]
10 verbose cache add name=undefined spec="koop@~1.1.0" args=["koop@~1.1.0",null]
11 verbose parsed url { protocol: null,
11 verbose parsed url   slashes: null,
11 verbose parsed url   auth: null,
11 verbose parsed url   host: null,
11 verbose parsed url   port: null,
11 verbose parsed url   hostname: null,
11 verbose parsed url   hash: null,
11 verbose parsed url   search: null,
11 verbose parsed url   query: null,
11 verbose parsed url   pathname: 'koop@~1.1.0',
11 verbose parsed url   path: 'koop@~1.1.0',
11 verbose parsed url   href: 'koop@~1.1.0' }
12 verbose already installed skipping koop-agol@~0.1.14 /Users/chelm/dev/koop-apps/koop-tiles-app
13 verbose already installed skipping koop-ckan@~0.0.1 /Users/chelm/dev/koop-apps/koop-tiles-app
14 verbose cache add name="koop" spec="~1.1.0" args=["koop","~1.1.0"]
15 verbose parsed url { protocol: null,
15 verbose parsed url   slashes: null,
15 verbose parsed url   auth: null,
15 verbose parsed url   host: null,
15 verbose parsed url   port: null,
15 verbose parsed url   hostname: null,
15 verbose parsed url   hash: null,
15 verbose parsed url   search: null,
15 verbose parsed url   query: null,
15 verbose parsed url   pathname: '~1.1.0',
15 verbose parsed url   path: '~1.1.0',
15 verbose parsed url   href: '~1.1.0' }
16 verbose addNamed [ 'koop', '~1.1.0' ]
17 verbose addNamed [ null, '>=1.1.0-0 <1.2.0-0' ]
18 silly lockFile b4f6b70d-koop-1-1-0 koop@~1.1.0
19 verbose lock koop@~1.1.0 /Users/chelm/.npm/b4f6b70d-koop-1-1-0.lock
20 verbose already installed skipping koop-gist@~0.0.1 /Users/chelm/dev/koop-apps/koop-tiles-app
21 silly addNameRange { name: 'koop', range: '>=1.1.0-0 <1.2.0-0', hasData: false }
22 verbose already installed skipping koop-github@~0.1.2 /Users/chelm/dev/koop-apps/koop-tiles-app
23 verbose already installed skipping koop-pgcache@~0.0.1 /Users/chelm/dev/koop-apps/koop-tiles-app
24 verbose request where is /koop
25 verbose request registry https://registry.npmjs.org/
26 verbose request id 4343c7f6ffe97c87
27 verbose url raw /koop
28 verbose url resolving [ 'https://registry.npmjs.org/', './koop' ]
29 verbose url resolved https://registry.npmjs.org/koop
30 verbose request where is https://registry.npmjs.org/koop
31 info trying registry request attempt 1 at 10:14:18
32 verbose etag "952I7KYKNUIZBNVPTCLCQWO2A"
33 http GET https://registry.npmjs.org/koop
34 verbose already installed skipping koop-socrata@~0.0.1 /Users/chelm/dev/koop-apps/koop-tiles-app
35 verbose already installed skipping koop-tile-plugin@^1.0.0 /Users/chelm/dev/koop-apps/koop-tiles-app
36 verbose already installed skipping config@~1.9.0 /Users/chelm/dev/koop-apps/koop-tiles-app
37 verbose already installed skipping cors@^2.5.2 /Users/chelm/dev/koop-apps/koop-tiles-app
38 verbose already installed skipping ejs@^1.0.0 /Users/chelm/dev/koop-apps/koop-tiles-app
39 http 304 https://registry.npmjs.org/koop
40 silly registry.get cb [ 304,
40 silly registry.get   { date: 'Wed, 18 Mar 2015 16:14:18 GMT',
40 silly registry.get     server: 'Apache',
40 silly registry.get     via: '1.1 varnish',
40 silly registry.get     'last-modified': 'Wed, 18 Mar 2015 16:14:19 GMT',
40 silly registry.get     'cache-control': 'max-age=60',
40 silly registry.get     etag: '"952I7KYKNUIZBNVPTCLCQWO2A"',
40 silly registry.get     age: '0',
40 silly registry.get     'x-served-by': 'cache-iad2127-IAD',
40 silly registry.get     'x-cache': 'MISS',
40 silly registry.get     'x-cache-hits': '0',
40 silly registry.get     'x-timer': 'S1426695258.669127,VS0,VE441',
40 silly registry.get     vary: 'Accept',
40 silly registry.get     'content-length': '0',
40 silly registry.get     'keep-alive': 'timeout=10, max=50',
40 silly registry.get     connection: 'Keep-Alive' } ]
41 verbose etag https://registry.npmjs.org/koop from cache
42 silly addNameRange number 2 { name: 'koop', range: '>=1.1.0-0 <1.2.0-0', hasData: true }
43 silly addNameRange versions [ 'koop',
43 silly addNameRange   [ '1.0.0',
43 silly addNameRange     '1.0.1',
43 silly addNameRange     '1.0.2',
43 silly addNameRange     '1.0.3',
43 silly addNameRange     '1.0.4',
43 silly addNameRange     '1.0.5',
43 silly addNameRange     '1.0.6',
43 silly addNameRange     '1.0.7',
43 silly addNameRange     '1.0.8',
43 silly addNameRange     '1.0.9',
43 silly addNameRange     '1.0.10',
43 silly addNameRange     '1.0.11',
43 silly addNameRange     '1.0.12',
43 silly addNameRange     '1.0.13',
43 silly addNameRange     '1.0.14',
43 silly addNameRange     '1.0.15',
43 silly addNameRange     '1.0.16',
43 silly addNameRange     '1.0.17',
43 silly addNameRange     '1.0.18',
43 silly addNameRange     '1.0.19' ] ]
44 silly lockFile b4f6b70d-koop-1-1-0 koop@~1.1.0
45 silly lockFile b4f6b70d-koop-1-1-0 koop@~1.1.0
46 error notarget No compatible version found: koop@'>=1.1.0-0 <1.2.0-0'
46 error notarget Valid install targets:
46 error notarget ["1.0.0","1.0.1","1.0.2","1.0.3","1.0.4","1.0.5","1.0.6","1.0.7","1.0.8","1.0.9","1.0.10","1.0.11","1.0.12","1.0.13","1.0.14","1.0.15","1.0.16","1.0.17","1.0.18","1.0.19"]
46 error notarget
46 error notarget This is most likely not a problem with npm itself.
46 error notarget In most cases you or one of your dependencies are requesting
46 error notarget a package version that doesn't exist.
47 error System Darwin 13.4.0
48 error command "/usr/local/bin/node" "/usr/local/bin/npm" "install"
49 error cwd /Users/chelm/dev/koop-apps/koop-tiles-app
50 error node -v v0.10.33
51 error npm -v 1.4.28
52 error code ETARGET
53 verbose exit [ 1, true ]
